<!DOCTYPE html PUBLIC "-//W3C//DTD XHTML 1.1//EN" "http://www.w3.org/TR/xhtml11/DTD/xhtml11.dtd">
<html xmlns="http://www.w3.org/1999/xhtml"><head><title>TestNG Report</title><style type="text/css">table {margin-bottom:10px;border-collapse:collapse;empty-cells:show}th,td {border:1px solid #009;padding:.25em .5em}th {vertical-align:bottom}td {vertical-align:top}table a {font-weight:bold}.stripe td {background-color: #E6EBF9}.num {text-align:right}.passedodd td {background-color: #3F3}.passedeven td {background-color: #0A0}.skippedodd td {background-color: #DDD}.skippedeven td {background-color: #CCC}.failedodd td,.attn {background-color: #F33}.failedeven td,.stripe .attn {background-color: #D00}.stacktrace {white-space:pre;font-family:monospace}.totop {font-size:85%;text-align:center;border-bottom:2px solid #000}</style></head><body><table><tr><th>Test</th><th># Passed</th><th># Skipped</th><th># Failed</th><th>Time (ms)</th><th>Included Groups</th><th>Excluded Groups</th></tr><tr><th colspan="7">CashKaroAssignment</th></tr><tr><td><a href="#t0">Cash</a></td><td class="num">0</td><td class="num attn">3</td><td class="num">0</td><td class="num">48,958</td><td></td><td></td></tr></table><table><thead><tr><th>Class</th><th>Method</th><th>Start</th><th>Time (ms)</th></tr></thead><tbody><tr><th colspan="4">CashKaroAssignment</th></tr></tbody><tbody id="t0"><tr><th colspan="4">Cash &#8212; failed (configuration methods)</th></tr><tr class="failedeven"><td rowspan="1">Test.TestcLass</td><td><a href="#m0">setDriver</a></td><td rowspan="1">1549624024980</td><td rowspan="1">0</td></tr><tr><th colspan="4">Cash &#8212; skipped (configuration methods)</th></tr><tr class="skippedeven"><td rowspan="5">Test.TestcLass</td><td><a href="#m1">closedriver</a></td><td rowspan="3">1549624073019</td><td rowspan="3">0</td></tr><tr class="skippedeven"><td><a href="#m2">closedriver</a></td></tr><tr class="skippedeven"><td><a href="#m3">closedriver</a></td></tr><tr class="skippedeven"><td><a href="#m4">setDriver</a></td><td rowspan="2">1549624073159</td><td rowspan="2">0</td></tr><tr class="skippedeven"><td><a href="#m5">setDriver</a></td></tr><tr><th colspan="4">Cash &#8212; skipped</th></tr><tr class="skippedeven"><td rowspan="3">Test.TestcLass</td><td><a href="#m6">ForgotPassword</a></td><td rowspan="1">1549624073160</td><td rowspan="1">1</td></tr><tr class="skippedeven"><td><a href="#m7">SignINTestNormally</a></td><td rowspan="1">1549624073016</td><td rowspan="1">1</td></tr><tr class="skippedeven"><td><a href="#m8">SignINTestViaFB</a></td><td rowspan="1">1549624073094</td><td rowspan="1">2</td></tr></tbody></table><h2>Cash</h2><h3 id="m0">Test.TestcLass#setDriver</h3><table class="result"><tr class="param"><th>Parameter #1</th></tr><tr class="param stripe"><td>http://cashkaro.iamsavings.co.uk/</td></tr><tr><th>Exception</th></tr><tr><td><div class="stacktrace">org.openqa.selenium.WebDriverException: Timed out waiting 45 seconds for Firefox to start.
Build info: version: &apos;3.14.0&apos;, revision: &apos;aacccce0&apos;, time: &apos;2018-08-02T20:19:58.91Z&apos;
System info: host: &apos;HSNMM-RAMNIWAS&apos;, ip: &apos;192.168.56.1&apos;, os.name: &apos;Windows 7&apos;, os.arch: &apos;amd64&apos;, os.version: &apos;6.1&apos;, java.version: &apos;1.8.0_74&apos;
Driver info: driver.version: FirefoxDriver
	at org.openqa.selenium.firefox.XpiDriverService.waitUntilAvailable(XpiDriverService.java:133)
	at org.openqa.selenium.firefox.XpiDriverService.start(XpiDriverService.java:118)
	at org.openqa.selenium.remote.service.DriverCommandExecutor.execute(DriverCommandExecutor.java:79)
	at org.openqa.selenium.remote.RemoteWebDriver.execute(RemoteWebDriver.java:548)
	at org.openqa.selenium.remote.RemoteWebDriver.startSession(RemoteWebDriver.java:212)
	at org.openqa.selenium.remote.RemoteWebDriver.&lt;init&gt;(RemoteWebDriver.java:130)
	at org.openqa.selenium.firefox.FirefoxDriver.&lt;init&gt;(FirefoxDriver.java:125)
	at org.openqa.selenium.firefox.FirefoxDriver.&lt;init&gt;(FirefoxDriver.java:103)
	at Test.TestcLass.setDriver(TestcLass.java:64)
Caused by: org.openqa.selenium.net.UrlChecker$TimeoutException: Timed out waiting for [http://localhost:18497/hub/status] to be available after 45002 ms
	at org.openqa.selenium.net.UrlChecker.waitUntilAvailable(UrlChecker.java:100)
	at org.openqa.selenium.firefox.XpiDriverService.waitUntilAvailable(XpiDriverService.java:131)
	... 34 more
Caused by: java.util.concurrent.TimeoutException
	at java.util.concurrent.FutureTask.get(FutureTask.java:205)
	at com.google.common.util.concurrent.SimpleTimeLimiter.callWithTimeout(SimpleTimeLimiter.java:156)
	at org.openqa.selenium.net.UrlChecker.waitUntilAvailable(UrlChecker.java:75)
	... 35 more
... Removed 26 stack frames</div></td></tr></table><p class="totop"><a href="#summary">back to summary</a></p><h3 id="m1">Test.TestcLass#closedriver</h3><table class="result"></table><p class="totop"><a href="#summary">back to summary</a></p><h3 id="m2">Test.TestcLass#closedriver</h3><table class="result"></table><p class="totop"><a href="#summary">back to summary</a></p><h3 id="m3">Test.TestcLass#closedriver</h3><table class="result"></table><p class="totop"><a href="#summary">back to summary</a></p><h3 id="m4">Test.TestcLass#setDriver</h3><table class="result"></table><p class="totop"><a href="#summary">back to summary</a></p><h3 id="m5">Test.TestcLass#setDriver</h3><table class="result"></table><p class="totop"><a href="#summary">back to summary</a></p><h3 id="m6">Test.TestcLass#ForgotPassword</h3><table class="result"><tr class="param"><th>Parameter #1</th></tr><tr class="param stripe"><td>rnsahu2308@gmail.com</td></tr></table><p class="totop"><a href="#summary">back to summary</a></p><h3 id="m7">Test.TestcLass#SignINTestNormally</h3><table class="result"><tr class="param"><th>Parameter #1</th><th>Parameter #2</th><th>Parameter #3</th><th>Parameter #4</th></tr><tr class="param stripe"><td>Test Full Name</td><td>niwasenator@gmail.com</td><td>P@$$word@123</td><td>9999999999</td></tr></table><p class="totop"><a href="#summary">back to summary</a></p><h3 id="m8">Test.TestcLass#SignINTestViaFB</h3><table class="result"><tr class="param"><th>Parameter #1</th><th>Parameter #2</th></tr><tr class="param stripe"><td>rnsahu2308@gmail.com</td><td>Abc@12345</td></tr></table><p class="totop"><a href="#summary">back to summary</a></p></body></html>