<?xml version="1.0" encoding="UTF-8"?>
<testng-results skipped="3" failed="0" total="3" passed="0">
  <reporter-output>
  </reporter-output>
  <suite name="CashKaroAssignment" duration-ms="48958" started-at="2019-02-08T11:07:04Z" finished-at="2019-02-08T11:07:53Z">
    <groups>
    </groups>
    <test name="Cash" duration-ms="48958" started-at="2019-02-08T11:07:04Z" finished-at="2019-02-08T11:07:53Z">
      <class name="Test.TestcLass">
        <test-method status="PASS" signature="setup()[pri:0, instance:Test.TestcLass@3c0f93f1]" name="setup" is-config="true" duration-ms="16" started-at="2019-02-08T16:37:04Z" finished-at="2019-02-08T16:37:04Z">
          <reporter-output>
          </reporter-output>
        </test-method> <!-- setup -->
        <test-method status="FAIL" signature="setDriver(java.lang.String)[pri:0, instance:Test.TestcLass@3c0f93f1]" name="setDriver" is-config="true" duration-ms="0" started-at="2019-02-08T16:37:04Z" finished-at="2019-02-08T16:37:04Z">
          <params>
            <param index="0">
              <value>
                <![CDATA[http://cashkaro.iamsavings.co.uk/]]>
              </value>
            </param>
          </params>
          <exception class="org.openqa.selenium.WebDriverException">
            <message>
              <![CDATA[Timed out waiting 45 seconds for Firefox to start.
Build info: version: '3.14.0', revision: 'aacccce0', time: '2018-08-02T20:19:58.91Z'
System info: host: 'HSNMM-RAMNIWAS', ip: '192.168.56.1', os.name: 'Windows 7', os.arch: 'amd64', os.version: '6.1', java.version: '1.8.0_74'
Driver info: driver.version: FirefoxDriver]]>
            </message>
            <full-stacktrace>
              <![CDATA[org.openqa.selenium.WebDriverException: Timed out waiting 45 seconds for Firefox to start.
Build info: version: '3.14.0', revision: 'aacccce0', time: '2018-08-02T20:19:58.91Z'
System info: host: 'HSNMM-RAMNIWAS', ip: '192.168.56.1', os.name: 'Windows 7', os.arch: 'amd64', os.version: '6.1', java.version: '1.8.0_74'
Driver info: driver.version: FirefoxDriver
	at org.openqa.selenium.firefox.XpiDriverService.waitUntilAvailable(XpiDriverService.java:133)
	at org.openqa.selenium.firefox.XpiDriverService.start(XpiDriverService.java:118)
	at org.openqa.selenium.remote.service.DriverCommandExecutor.execute(DriverCommandExecutor.java:79)
	at org.openqa.selenium.remote.RemoteWebDriver.execute(RemoteWebDriver.java:548)
	at org.openqa.selenium.remote.RemoteWebDriver.startSession(RemoteWebDriver.java:212)
	at org.openqa.selenium.remote.RemoteWebDriver.<init>(RemoteWebDriver.java:130)
	at org.openqa.selenium.firefox.FirefoxDriver.<init>(FirefoxDriver.java:125)
	at org.openqa.selenium.firefox.FirefoxDriver.<init>(FirefoxDriver.java:103)
	at Test.TestcLass.setDriver(TestcLass.java:64)
	at sun.reflect.NativeMethodAccessorImpl.invoke0(Native Method)
	at sun.reflect.NativeMethodAccessorImpl.invoke(NativeMethodAccessorImpl.java:62)
	at sun.reflect.DelegatingMethodAccessorImpl.invoke(DelegatingMethodAccessorImpl.java:43)
	at java.lang.reflect.Method.invoke(Method.java:498)
	at org.testng.internal.MethodInvocationHelper.invokeMethod(MethodInvocationHelper.java:85)
	at org.testng.internal.Invoker.invokeConfigurationMethod(Invoker.java:510)
	at org.testng.internal.Invoker.invokeConfigurations(Invoker.java:211)
	at org.testng.internal.Invoker.invokeMethod(Invoker.java:585)
	at org.testng.internal.Invoker.invokeTestMethod(Invoker.java:816)
	at org.testng.internal.Invoker.invokeTestMethods(Invoker.java:1124)
	at org.testng.internal.TestMethodWorker.invokeTestMethods(TestMethodWorker.java:125)
	at org.testng.internal.TestMethodWorker.run(TestMethodWorker.java:108)
	at org.testng.TestRunner.privateRun(TestRunner.java:774)
	at org.testng.TestRunner.run(TestRunner.java:624)
	at org.testng.SuiteRunner.runTest(SuiteRunner.java:359)
	at org.testng.SuiteRunner.runSequentially(SuiteRunner.java:354)
	at org.testng.SuiteRunner.privateRun(SuiteRunner.java:312)
	at org.testng.SuiteRunner.run(SuiteRunner.java:261)
	at org.testng.SuiteRunnerWorker.runSuite(SuiteRunnerWorker.java:52)
	at org.testng.SuiteRunnerWorker.run(SuiteRunnerWorker.java:86)
	at org.testng.TestNG.runSuitesSequentially(TestNG.java:1215)
	at org.testng.TestNG.runSuitesLocally(TestNG.java:1140)
	at org.testng.TestNG.run(TestNG.java:1048)
	at org.testng.remote.AbstractRemoteTestNG.run(AbstractRemoteTestNG.java:114)
	at org.testng.remote.RemoteTestNG.initAndRun(RemoteTestNG.java:251)
	at org.testng.remote.RemoteTestNG.main(RemoteTestNG.java:77)
Caused by: org.openqa.selenium.net.UrlChecker$TimeoutException: Timed out waiting for [http://localhost:18497/hub/status] to be available after 45002 ms
	at org.openqa.selenium.net.UrlChecker.waitUntilAvailable(UrlChecker.java:100)
	at org.openqa.selenium.firefox.XpiDriverService.waitUntilAvailable(XpiDriverService.java:131)
	... 34 more
Caused by: java.util.concurrent.TimeoutException
	at java.util.concurrent.FutureTask.get(FutureTask.java:205)
	at com.google.common.util.concurrent.SimpleTimeLimiter.callWithTimeout(SimpleTimeLimiter.java:156)
	at org.openqa.selenium.net.UrlChecker.waitUntilAvailable(UrlChecker.java:75)
	... 35 more
]]>
            </full-stacktrace>
          </exception> <!-- org.openqa.selenium.WebDriverException -->
          <reporter-output>
          </reporter-output>
        </test-method> <!-- setDriver -->
        <test-method status="SKIP" signature="SignINTestNormally(java.lang.String, java.lang.String, java.lang.String, java.lang.String)[pri:0, instance:Test.TestcLass@3c0f93f1]" name="SignINTestNormally" duration-ms="1" started-at="2019-02-08T16:37:53Z" description="login Test Normal" data-provider="NormalLogin" finished-at="2019-02-08T16:37:53Z">
          <params>
            <param index="0">
              <value>
                <![CDATA[Test Full Name]]>
              </value>
            </param>
            <param index="1">
              <value>
                <![CDATA[niwasenator@gmail.com]]>
              </value>
            </param>
            <param index="2">
              <value>
                <![CDATA[P@$$word@123]]>
              </value>
            </param>
            <param index="3">
              <value>
                <![CDATA[9999999999]]>
              </value>
            </param>
          </params>
          <reporter-output>
          </reporter-output>
        </test-method> <!-- SignINTestNormally -->
        <test-method status="SKIP" signature="closedriver()[pri:0, instance:Test.TestcLass@3c0f93f1]" name="closedriver" is-config="true" duration-ms="0" started-at="2019-02-08T16:37:53Z" finished-at="2019-02-08T16:37:53Z">
          <reporter-output>
          </reporter-output>
        </test-method> <!-- closedriver -->
        <test-method status="SKIP" signature="setDriver(java.lang.String)[pri:0, instance:Test.TestcLass@3c0f93f1]" name="setDriver" is-config="true" duration-ms="0" started-at="2019-02-08T16:37:53Z" finished-at="2019-02-08T16:37:53Z">
          <reporter-output>
          </reporter-output>
        </test-method> <!-- setDriver -->
        <test-method status="SKIP" signature="SignINTestViaFB(java.lang.String, java.lang.String)[pri:0, instance:Test.TestcLass@3c0f93f1]" name="SignINTestViaFB" duration-ms="2" started-at="2019-02-08T16:37:53Z" description="login Test by FB" data-provider="fbloginData" finished-at="2019-02-08T16:37:53Z">
          <params>
            <param index="0">
              <value>
                <![CDATA[rnsahu2308@gmail.com]]>
              </value>
            </param>
            <param index="1">
              <value>
                <![CDATA[Abc@12345]]>
              </value>
            </param>
          </params>
          <reporter-output>
          </reporter-output>
        </test-method> <!-- SignINTestViaFB -->
        <test-method status="SKIP" signature="closedriver()[pri:0, instance:Test.TestcLass@3c0f93f1]" name="closedriver" is-config="true" duration-ms="0" started-at="2019-02-08T16:37:53Z" finished-at="2019-02-08T16:37:53Z">
          <reporter-output>
          </reporter-output>
        </test-method> <!-- closedriver -->
        <test-method status="SKIP" signature="setDriver(java.lang.String)[pri:0, instance:Test.TestcLass@3c0f93f1]" name="setDriver" is-config="true" duration-ms="0" started-at="2019-02-08T16:37:53Z" finished-at="2019-02-08T16:37:53Z">
          <reporter-output>
          </reporter-output>
        </test-method> <!-- setDriver -->
        <test-method status="SKIP" signature="ForgotPassword(java.lang.String)[pri:0, instance:Test.TestcLass@3c0f93f1]" name="ForgotPassword" duration-ms="1" started-at="2019-02-08T16:37:53Z" description="ForgotPassWord Test Case" data-provider="email" finished-at="2019-02-08T16:37:53Z">
          <params>
            <param index="0">
              <value>
                <![CDATA[rnsahu2308@gmail.com]]>
              </value>
            </param>
          </params>
          <reporter-output>
          </reporter-output>
        </test-method> <!-- ForgotPassword -->
        <test-method status="SKIP" signature="closedriver()[pri:0, instance:Test.TestcLass@3c0f93f1]" name="closedriver" is-config="true" duration-ms="0" started-at="2019-02-08T16:37:53Z" finished-at="2019-02-08T16:37:53Z">
          <reporter-output>
          </reporter-output>
        </test-method> <!-- closedriver -->
      </class> <!-- Test.TestcLass -->
    </test> <!-- Cash -->
  </suite> <!-- CashKaroAssignment -->
</testng-results>
